<?xml version="1.0" encoding="UTF-8"?>
<!-- Generated by org.testng.reporters.JUnitReportReporter -->
<testsuite skipped="0" hostname="GGN000144800013" name="TestCases.UpdateTestCase" tests="1" failures="0" timestamp="17 Feb 2019 16:22:29 GMT" time="6.920" errors="0">
  <testcase name="testPostCall" time="6.920" classname="TestCases.UpdateTestCase"/>
</testsuite> <!-- TestCases.UpdateTestCase -->
