<?xml version="1.0" encoding="UTF-8"?>
<!-- Generated by org.testng.reporters.JUnitReportReporter -->
<testsuite skipped="0" hostname="GGN000144800013" name="TestCases.GetTestCase" tests="1" failures="0" timestamp="17 Feb 2019 16:02:44 GMT" time="6.724" errors="0">
  <testcase name="testGetCall" time="6.724" classname="TestCases.GetTestCase"/>
</testsuite> <!-- TestCases.GetTestCase -->
