<?xml version="1.0" encoding="UTF-8"?>
<!-- Generated by org.testng.reporters.JUnitReportReporter -->
<testsuite skipped="0" hostname="GGN000144800013" name="TestCases.PostTestCase" tests="1" failures="0" timestamp="17 Feb 2019 16:10:22 GMT" time="7.558" errors="0">
  <testcase name="testPostCall" time="7.558" classname="TestCases.PostTestCase"/>
</testsuite> <!-- TestCases.PostTestCase -->
