<?xml version="1.0" encoding="UTF-8"?>
<!-- Generated by org.testng.reporters.JUnitReportReporter -->
<testsuite skipped="0" hostname="GGN000144800013" name="TestCases.DeleteTestCase" tests="1" failures="0" timestamp="17 Feb 2019 16:07:01 GMT" time="9.571" errors="0">
  <testcase name="testPostCall" time="9.571" classname="TestCases.DeleteTestCase"/>
</testsuite> <!-- TestCases.DeleteTestCase -->
